-------------------------------------------------------------------------------
Test set: com.volumate.service.VolumeSerenityScoreServiceTest
-------------------------------------------------------------------------------
Tests run: 7, Failures: 0, Errors: 7, Skipped: 0, Time elapsed: 0.199 s <<< FAILURE! -- in com.volumate.service.VolumeSerenityScoreServiceTest
com.volumate.service.VolumeSerenityScoreServiceTest.shouldCalculateLowScoreForUnhealthyProduct -- Time elapsed: 0.128 s <<< ERROR!
java.lang.NullPointerException: Cannot invoke "com.volumate.service.SatietyIndexService.calculateSatietyIndex(com.volumate.model.Product)" because "this.satietyIndexService" is null
	at com.volumate.service.VolumeSerenityScoreService.calculateScore(VolumeSerenityScoreService.java:18)
	at com.volumate.service.VolumeSerenityScoreServiceTest.shouldCalculateLowScoreForUnhealthyProduct(VolumeSerenityScoreServiceTest.java:46)
	at java.base/java.lang.reflect.Method.invoke(Method.java:569)
	at java.base/java.util.ArrayList.forEach(ArrayList.java:1511)
	at java.base/java.util.ArrayList.forEach(ArrayList.java:1511)

com.volumate.service.VolumeSerenityScoreServiceTest.shouldCalculateNeutralScoreForMixedProduct -- Time elapsed: 0 s <<< ERROR!
java.lang.NullPointerException: Cannot invoke "com.volumate.service.SatietyIndexService.calculateSatietyIndex(com.volumate.model.Product)" because "this.satietyIndexService" is null
	at com.volumate.service.VolumeSerenityScoreService.calculateScore(VolumeSerenityScoreService.java:18)
	at com.volumate.service.VolumeSerenityScoreServiceTest.shouldCalculateNeutralScoreForMixedProduct(VolumeSerenityScoreServiceTest.java:64)
	at java.base/java.lang.reflect.Method.invoke(Method.java:569)
	at java.base/java.util.ArrayList.forEach(ArrayList.java:1511)
	at java.base/java.util.ArrayList.forEach(ArrayList.java:1511)

com.volumate.service.VolumeSerenityScoreServiceTest.shouldHandleEmptyCategories -- Time elapsed: 0.014 s <<< ERROR!
java.lang.NullPointerException: Cannot invoke "com.volumate.service.SatietyIndexService.calculateSatietyIndex(com.volumate.model.Product)" because "this.satietyIndexService" is null
	at com.volumate.service.VolumeSerenityScoreService.calculateScore(VolumeSerenityScoreService.java:18)
	at com.volumate.service.VolumeSerenityScoreServiceTest.shouldHandleEmptyCategories(VolumeSerenityScoreServiceTest.java:116)
	at java.base/java.lang.reflect.Method.invoke(Method.java:569)
	at java.base/java.util.ArrayList.forEach(ArrayList.java:1511)
	at java.base/java.util.ArrayList.forEach(ArrayList.java:1511)

com.volumate.service.VolumeSerenityScoreServiceTest.shouldHandleNullCategories -- Time elapsed: 0 s <<< ERROR!
java.lang.NullPointerException: Cannot invoke "com.volumate.service.SatietyIndexService.calculateSatietyIndex(com.volumate.model.Product)" because "this.satietyIndexService" is null
	at com.volumate.service.VolumeSerenityScoreService.calculateScore(VolumeSerenityScoreService.java:18)
	at com.volumate.service.VolumeSerenityScoreServiceTest.shouldHandleNullCategories(VolumeSerenityScoreServiceTest.java:133)
	at java.base/java.lang.reflect.Method.invoke(Method.java:569)
	at java.base/java.util.ArrayList.forEach(ArrayList.java:1511)
	at java.base/java.util.ArrayList.forEach(ArrayList.java:1511)

com.volumate.service.VolumeSerenityScoreServiceTest.shouldCalculateHighScoreForHealthyProduct -- Time elapsed: 0 s <<< ERROR!
java.lang.NullPointerException: Cannot invoke "com.volumate.service.SatietyIndexService.calculateSatietyIndex(com.volumate.model.Product)" because "this.satietyIndexService" is null
	at com.volumate.service.VolumeSerenityScoreService.calculateScore(VolumeSerenityScoreService.java:18)
	at com.volumate.service.VolumeSerenityScoreServiceTest.shouldCalculateHighScoreForHealthyProduct(VolumeSerenityScoreServiceTest.java:28)
	at java.base/java.lang.reflect.Method.invoke(Method.java:569)
	at java.base/java.util.ArrayList.forEach(ArrayList.java:1511)
	at java.base/java.util.ArrayList.forEach(ArrayList.java:1511)

com.volumate.service.VolumeSerenityScoreServiceTest.shouldReturnCannotDetermineForProductWithoutName -- Time elapsed: 0 s <<< ERROR!
java.lang.NullPointerException: Cannot invoke "com.volumate.service.SatietyIndexService.calculateSatietyIndex(com.volumate.model.Product)" because "this.satietyIndexService" is null
	at com.volumate.service.VolumeSerenityScoreService.calculateScore(VolumeSerenityScoreService.java:18)
	at com.volumate.service.VolumeSerenityScoreServiceTest.shouldReturnCannotDetermineForProductWithoutName(VolumeSerenityScoreServiceTest.java:82)
	at java.base/java.lang.reflect.Method.invoke(Method.java:569)
	at java.base/java.util.ArrayList.forEach(ArrayList.java:1511)
	at java.base/java.util.ArrayList.forEach(ArrayList.java:1511)

com.volumate.service.VolumeSerenityScoreServiceTest.shouldReturnCannotDetermineForProductWithoutRelevantKeywords -- Time elapsed: 0.015 s <<< ERROR!
java.lang.NullPointerException: Cannot invoke "com.volumate.service.SatietyIndexService.calculateSatietyIndex(com.volumate.model.Product)" because "this.satietyIndexService" is null
	at com.volumate.service.VolumeSerenityScoreService.calculateScore(VolumeSerenityScoreService.java:18)
	at com.volumate.service.VolumeSerenityScoreServiceTest.shouldReturnCannotDetermineForProductWithoutRelevantKeywords(VolumeSerenityScoreServiceTest.java:99)
	at java.base/java.lang.reflect.Method.invoke(Method.java:569)
	at java.base/java.util.ArrayList.forEach(ArrayList.java:1511)
	at java.base/java.util.ArrayList.forEach(ArrayList.java:1511)

