<?xml version="1.0" encoding="UTF-8"?>
<testsuite xmlns:xsi="http://www.w3.org/2001/XMLSchema-instance" xsi:noNamespaceSchemaLocation="https://maven.apache.org/surefire/maven-surefire-plugin/xsd/surefire-test-report-3.0.xsd" version="3.0" name="com.volumate.service.VolumeSerenityScoreServiceTest" time="1.023" tests="7" errors="0" skipped="0" failures="0">
  <properties>
[...]
</properties>
  <testcase name="shouldCalculateLowScoreForUnhealthyProduct" classname="com.volumate.service.VolumeSerenityScoreServiceTest" time="0.973">
    <system-out><![CDATA[18:30:59.650 [main] INFO com.volumate.service.VolumeSerenityScoreService -- Final Volume Serenity Score: 70 for product: Chocolate Candy Bar - Rating: Overvej et andet alternativ hvis du vil undgå at blive sulten hurtigt igen
]]></system-out>
  </testcase>
  <testcase name="shouldCalculateNeutralScoreForMixedProduct" classname="com.volumate.service.VolumeSerenityScoreServiceTest" time="0.004">
    <system-out><![CDATA[18:30:59.696 [main] INFO com.volumate.service.VolumeSerenityScoreService -- Final Volume Serenity Score: 150 for product: Mixed Fruit Yogurt - Rating: Godt mættende!
]]></system-out>
  </testcase>
  <testcase name="shouldHandleEmptyCategories" classname="com.volumate.service.VolumeSerenityScoreServiceTest" time="0.0">
    <system-out><![CDATA[18:30:59.696 [main] INFO com.volumate.service.VolumeSerenityScoreService -- Final Volume Serenity Score: 197 for product: Fresh Apple - Rating: Godt mættende!
]]></system-out>
  </testcase>
  <testcase name="shouldHandleNullCategories" classname="com.volumate.service.VolumeSerenityScoreServiceTest" time="0.0">
    <system-out><![CDATA[18:30:59.696 [main] INFO com.volumate.service.VolumeSerenityScoreService -- Final Volume Serenity Score: 197 for product: Fresh Apple - Rating: Godt mættende!
]]></system-out>
  </testcase>
  <testcase name="shouldCalculateHighScoreForHealthyProduct" classname="com.volumate.service.VolumeSerenityScoreServiceTest" time="0.002">
    <system-out><![CDATA[18:30:59.707 [main] INFO com.volumate.service.VolumeSerenityScoreService -- Final Volume Serenity Score: 209 for product: Organic Oat Bread - Rating: Meget mættende!
]]></system-out>
  </testcase>
  <testcase name="shouldReturnCannotDetermineForProductWithoutName" classname="com.volumate.service.VolumeSerenityScoreServiceTest" time="0.003">
    <system-out><![CDATA[18:30:59.710 [main] WARN com.volumate.service.VolumeSerenityScoreService -- Could not calculate satiety score for product: null
]]></system-out>
  </testcase>
  <testcase name="shouldReturnCannotDetermineForProductWithoutRelevantKeywords" classname="com.volumate.service.VolumeSerenityScoreServiceTest" time="0.0">
    <system-out><![CDATA[18:30:59.711 [main] WARN com.volumate.service.VolumeSerenityScoreService -- Could not calculate satiety score for product: Unknown Product
]]></system-out>
  </testcase>
</testsuite>